<unk>
Dogen was a priest who lived during the early Kamakura period .
The founder of Soto sect
His name was also written as <unk> in his later years .
His imina ( personal name ) was <unk> .
His imina ( personal name ) was <unk> and his posthumous Buddhist name was <unk> .
In general , it is said that he was a disciple of Dogen .
It is said that the term " <unk> " has been used to refer to Japanese style dishes , such as <unk> ( <unk> ) and <unk> ( <unk> ) .
It is also known as <unk> ( <unk> ) .
There is a theory that he was a member of the House of Peers by the order of his father , MINAMOTO no Michichika , and that he was a member of the House of Peers ( Japan ) .
His wife was a daughter of TAIRA no Shigemori , who was a member of the House of Peers , and his name was also written as <unk> in Chinese characters as <unk> in Japanese .
His father was MINAMOTO no Michichika , who was a member of Sekkan-ke ( the families which produced the Regent and the Chief Adviser to the Emperor ) .
She gave birth to a son and a daughter who was called " <unk> " ( literally , " tale of the dead " ) and " <unk> " ( literally , " tale of the dead " ) , but she died young at the age of 13 .
He was a member of the House of Peers , but after the death of his father , he was promoted to the rank of Jusanmi ( Junior Third Rank ) and became a priest .
He was a member of the Jodo Shinshu sect ( the True Pure Land Sect of Buddhism ) , but he was not able to get along with his father and mother .
His name appears in " <unk> " ( The Record of the Great Peace ) and " <unk> " ( The Diary of Shinran ) , which is said to have been written in his later years .
His mother was a daughter of the chief priest of Mt . Hiei , MINAMOTO no Yoritomo .
He was appointed as the chief priest of the Tendai sect in the year of his death , and his name was written as <unk> .
He was a priest of the Tendai sect of Buddhism , and he was appointed as the chief priest of the <unk> Temple in <unk> .
He was one of the disciples of Dogen , the founder of the temple .
In addition to the above , he practiced Zen meditation under <unk> <unk> , the founder of the Soto sect , from the end of the Edo period to the beginning of the Meiji period .
He returned to Japan in the following year .
The temple was founded in the precinct of Tofuku-ji Temple in Kyoto in 1308 .
He became a priest at Mt . Hiei around this time .
On the way back to his hometown , he was appointed to the post of <unk> no kami ( Director of the Bureau of Palace Storehouses ) by the order of the bakufu ( Japanese feudal government headed by a shogun ) .
<unk> Temple ( <unk> ) , a branch temple of the Mori clan , was located in <unk> Village , <unk> County .
In the same year , he was appointed to the chief priest of <unk> Temple .
In the same year , he was appointed as the chief priest of the <unk> Temple , and the name of the temple was changed to the <unk> Temple .
He served as a close adviser of the Kamakura bakufu ( Japanese feudal government headed by a shogun ) , and then served as a close adviser of Sadatoki HOJO .
At the end of the Edo period , however , it became popular among the general public for the first time in the world of Zen Buddhism .
In his later years , he became a priest and lived in seclusion at <unk> Temple in Kyoto ; however , he died at a young age at the age of 70 in the same year .
It is said that he died young .
It is also called " <unk> " ( literally , " tale of the dead " ) and " <unk> " ( literally , " tale of the dead " ) , which is one of the reasons for the birth of the founder of the sect , can be seen in the fact that the number of people who are not able to be able to be able to reach enlightenment " is the same as that of " <unk> " ( literally , " teachings of Buddha " ) .
It is said that the Kamakura bakufu ( Japanese feudal government headed by a shogun ) gave rise to the concept of ' <unk> ' ( <unk> ) and ' <unk> ' ( <unk> ) , but this is not true .
The term " <unk> " is used to refer to the end of the world of Buddhism .
The reason is that there is no one who does not know what is true .
It is a form of all things .
It is said that he had no choice but to become a priest .
It is also known as " <unk> " ( <unk> ) and " <unk> " ( <unk> ) .
It is said that the number of people who live in this world is the same as those of Buddha , and the number of people who live in this world is the same as those of Buddha .
As a result , all the people became Buddhist priests .
It is said that in those days , when he was a child , he made his mind that he would not be able to become a Buddha , and in fact , he made his mind to make his mind to become a priest .
" <unk> " ( Commentary on the Great Nirvana Sutra )
" <unk> " ( Collection of Japanese Classic Literature ) ( published by Iwanami Shoten Publishing Co . , Ltd . )
" <unk> " ( <unk> ) , published by Iwanami Shoten Publishing Co . , Ltd . , <unk> Publishing Co . , Ltd .
" <unk> " ( Collection of Ancient and Modern Japanese Literature ) ( published by Iwanami Shoten , ISBN <unk> )
" <unk> " ( Collection of Ancient and Modern Japanese Literature ) ( published by Iwanami Shoten , ISBN <unk> )
" <unk> " ( <unk> Publishing Co . , Ltd . , ISBN <unk> )
" <unk> "
" <unk> " ( <unk> )
<unk> Publishing Co . , Ltd . ( <unk> Publishing Co . , Ltd . , 1991 ) ISBN <unk>
" <unk> " ( <unk> )
" <unk> " ( a book on the study of Buddhism ) written by Dogen
" <unk> <unk> " ( <unk> <unk> ) ( edited by <unk> <unk> , published by Iwanami Shoten , ISBN <unk> )
" <unk> " ( Collection of Ancient and Modern History ) ( published by Iwanami Shoten , published by Iwanami Shoten , ISBN <unk> )
" <unk> " ( Collection of Ancient and Modern Times , published by Iwanami Shoten , ISBN <unk> )
" <unk> " ( <unk> ) ( published by Iwanami Shoten , ISBN <unk> )
" <unk> " ( <unk> ) ( published by Iwanami Shoten , 1993 )
" <unk> " ( Collection of Ancient and Modern History ) ( published by Iwanami Shoten , ISBN <unk> )
" <unk> <unk> " ( Collection of Japanese Classic Literature ) , published by Iwanami Shoten , ISBN <unk>
Summary
" <unk> " ( a collection of Buddhist stories ) written by Monzaemon CHIKAMATSU
" <unk> " ( A Collection of Ancient and Modern History ) written by Akira KUROSAWA
" <unk> <unk> " ( The Story of <unk> <unk> )
" <unk> no <unk> " ( The <unk> of <unk> ) written by Akira KUROSAWA
" <unk> no <unk> " ( The Sea of Japan ) ( published by Iwanami Shoten , ISBN <unk> )
" <unk> " ( <unk> ) , published by Iwanami Shoten , Tokyo
" <unk> " by <unk> <unk> , published by <unk> <unk>
" <unk> " ( <unk> ) , written by Akira KUROSAWA
" <unk> " ( <unk> ) , which is a collection of books , is included in " <unk> " ( <unk> ) , " <unk> " ( <unk> ) , and " <unk> " ( <unk> ) .
<unk> <unk> ' ( <unk> <unk> )
It is also called ' <unk> ' or ' <unk> . '
The title of ' <unk> ' is derived from ' <unk> ' ( <unk> ) written by Ryotaro SHIBA .
" <unk> " ( The Record of Zen Buddhism ) and " <unk> " ( The History of Zen Buddhism )
Kyoto City Bus Co . , Ltd . , is located in front of the station of the West Japan Railway Company ( JR West ) , which is operated by Keifuku Electric Railroad Co . , Ltd .
October 1 , 1981 : The station was designated as a national important cultural property by the Ministry of Education , Culture , Sports , Science and Technology , and was located in front of the station .
West Japan Railway Company ( JR West ) was integrated into JR West in the following year .
JNR / JR Limited Express Co . , Ltd . , and JNR / JR Limited Express Co . , Ltd . , are located on the premises of the station , and they are located on the premises of the station .
From the beginning of the Showa period to the end of the Showa period , there was a possibility that the company would not be able to produce a new type of train because of the fact that the construction work was completed in order to increase the number of cars .
In the past , the station was designated as a national important cultural property by the Ministry of Education , but it was also called ' <unk> ' or ' <unk> ' because it was located at the foot of the mountain .
There are two types of cars : one is that the first one is to be used as a substitute for a new one , and the other is that the second one is to be used as a substitute for a new one ( for example , the second one is to be used for a new one ) .
The station is located on the north side of the station , and it is also called " <unk> " or " <unk> " because it is located on the south side of the station .
On the other hand , it is said that he was a member of the House of Peers , and on the other hand , he was promoted to the rank of Shosanmi ( Senior Third Rank ) in the following year , and on the other hand , he was ordered to be a member of the House of Peers ( Japan ) .
Research Center for the Protection of Cultural Properties was established in the same year .
JNR / JR Limited Express Series Diesel Cars was established in front of the station in front of the gate of the station in front of the gate of the station in front of the gate of the station .
The station was built in front of the station in front of the station , and in addition to the fact that it was built in front of the station in front of the main hall of the Nara National Museum , it is said that the station was built in front of the station in front of the station .
In addition to the above , there is a description in " <unk> " ( A Collection of Ancient and Modern Japanese Poetry ) and " <unk> " ( A Collection of Ancient and Modern Japanese Poetry ) , and in " <unk> " ( A Collection of Ancient and Modern Japanese History ) , which was completed in the end of the Edo period , it was decided that the station would be used as a terminal station of the Keifuku Electric Railroad Co . , Ltd . , and that the station would be used as a temporary station .
April 1 , 1962 : It was designated as a cultural property by Kyoto City .
From the end of the Taisho period to the beginning of the Showa period , there were seven types of <unk> ( <unk> ) ( <unk> ) and one ( <unk> ) ( <unk> ) .
At the time of the opening of the museum , there were two types of train cars ; one was to be used for a long time , and the other was to be used for a long time , but the other was to be used for a long time , and the other was to be used for a long time .
JNR / JR Limited Express Series Diesel Cars Series Diesel Cars ( including ' <unk> ' and ' <unk> ' ) are also used .
There are two types of train cars , one is the only one that can be used for a limited express train , and the other is the one that can be used for a limited express train .
The museum is equipped with ' <unk> ' ( <unk> ) and ' <unk> ' ( <unk> ) .
The station is located on the north side of the station , and the station is located on the south side of the station , and the station is located on the south side of the station and is used as a part of the station building .
The station is located in the center of the line , and it is also used as a terminal station .
West Japan Railway Company ( JR West ) , Limited Express Co . , Ltd . , was established . , Ltd .
<unk> ( plum )
The name ' <unk> ' is derived from ' <unk> . '
It was designated as a national treasure by the Ministry of Education , Culture , Sports , Science and Technology in 1962 .
In the past , it was decided that the number of seats should be changed from one to a new one , but in the case of a new one in the case of a new one in the case of a new company .
The museum is located in front of the station , but is not open to the public .
JNR JNR JNR JNR JNR JNR steam steam steam steam steam steam steam steam steam steam steam JNR JNR JNR JNR JNR JNR JNR JNR JNR JNR JNR JNR JNR JNR JNR JNR JNR JNR JNR JNR JNR JNR JNR JNR steam JNR JNR JNR JNR JNR JNR JNR JNR JNR JNR JNR JNR JNR JNR JNR JNR JNR JNR JNR JNR JNR JNR JNR JNR JNR JNR JNR JNR JNR JNR JNR JNR JNR JNR JNR JNR JNR JNR JNR JNR JNR JNR JNR steam JNR JNR JNR JNR JNR JNR JNR JNR JNR JNR JNR JNR JNR JNR JNR JNR JNR JNR JNR JNR JNR JNR JNR JNR JNR JNR steam JNR JNR JNR JNR JNR JNR JNR JNR JNR JNR JNR JNR steam JNR JNR JNR JNR JNR JNR JNR JNR JNR JNR JNR JNR JNR JNR JNR JNR JNR JNR JNR JNR JNR JNR JNR JNR JNR JNR JNR JNR JNR JNR JNR JNR JNR JNR JNR JNR JNR JNR JNR JNR JNR JNR JNR JNR JNR JNR JNR JNR JNR JNR JNR JNR JNR JNR JNR JNR JNR JNR JNR JNR JNR JNR JNR JNR JNR JNR JNR JNR JNR JNR JNR JNR JNR JNR
1914 : The company was founded .
It was operated by the Ministry of Agriculture and Forestry .
In 1979 , it was opened to the public .
JNR JNR JNR JNR JNR steam steam steam steam steam steam steam steam steam steam steam steam steam steam steam steam JNR JNR JNR JNR JNR JNR JNR JNR JNR JNR JNR JNR JNR JNR JNR JNR JNR JNR JNR JNR JNR steam steam JNR JNR JNR JNR JNR JNR JNR JNR JNR JNR JNR steam JNR JNR JNR JNR JNR JNR JNR JNR JNR JNR JNR JNR JNR JNR JNR JNR JNR JNR JNR steam JNR JNR JNR JNR JNR JNR JNR JNR JNR JNR JNR JNR JNR JNR JNR JNR JNR JNR JNR JNR JNR JNR JNR JNR JNR JNR JNR JNR JNR JNR JNR JNR JNR JNR steam JNR JNR JNR JNR JNR JNR JNR JNR JNR JNR JNR JNR JNR JNR JNR JNR JNR JNR JNR JNR JNR JNR JNR JNR JNR JNR JNR steam JNR JNR JNR JNR JNR JNR JNR JNR JNR JNR JNR JNR JNR JNR JNR JNR JNR JNR JNR JNR JNR JNR JNR JNR JNR JNR JNR JNR JNR JNR JNR JNR JNR JNR JNR JNR JNR JNR JNR JNR JNR JNR JNR JNR JNR JNR JNR JNR JNR JNR JNR JNR JNR JNR JNR JNR JNR JNR JNR JNR JNR
In 1914 , he became a member of Sumitomo Co . , Ltd .
The operation section was shortened to the operation section between Shin-Osaka Station and Fukuchiyama Station .
In 1979 , it was opened to the public .
1987 : The museum was opened .
JNR JNR JNR JNR JNR JNR JNR JNR steam JNR JNR JNR JNR JNR JNR JNR JNR JNR JNR JNR JNR JNR JNR JNR JNR JNR JNR JNR JNR JNR JNR JNR JNR JNR steam JNR JNR JNR JNR JNR JNR JNR JNR JNR JNR JNR JNR JNR JNR JNR JNR JNR JNR JNR JNR JNR JNR steam JNR JNR JNR JNR JNR JNR JNR JNR JNR JNR JNR JNR JNR JNR JNR JNR JNR JNR JNR JNR JNR JNR JNR JNR JNR JNR JNR JNR JNR JNR JNR JNR steam JNR JNR JNR JNR JNR JNR JNR JNR JNR JNR JNR JNR JNR JNR JNR JNR JNR JNR JNR JNR JNR JNR JNR JNR JNR JNR JNR JNR JNR JNR JNR JNR JNR JNR JNR JNR JNR JNR JNR JNR JNR JNR JNR JNR JNR JNR JNR JNR JNR JNR JNR JNR JNR JNR JNR JNR JNR JNR JNR JNR JNR JNR JNR JNR JNR JNR JNR JNR JNR JNR JNR JNR JNR JNR JNR JNR JNR JNR JNR JNR JNR JNR JNR JNR JNR JNR JNR JNR JNR JNR JNR JNR JNR JNR JNR JNR JNR JNR JNR JNR JNR JNR JNR JNR JNR JNR JNR JNR JNR
1946 : The company was founded in <unk> .
Kagoshima Prefectural <unk> High School
It was sold in 1979 .
2002 : The museum was opened to the public for the first time , and was opened to the public .
JNR steam steam steam steam steam steam steam locomotive
1940 : The company was established .
Buses bound for <unk> Station
1987 : The station was closed .
JNR JNR JNR / JR Diesel Cars JNR JNR JNR JNR JNR JNR JNR JNR steam steam JNR JNR JNR JNR JNR JNR JNR JNR JNR JNR JNR JNR JNR JNR JNR JNR JNR JNR JNR JNR JNR JNR JNR JNR JNR JNR JNR JNR JNR JNR JNR JNR JNR JNR JNR JNR JNR JNR JNR JNR JNR JNR JNR JNR JNR JNR JNR JNR JNR JNR JNR JNR JNR JNR JNR JNR JNR JNR JNR JNR JNR JNR JNR JNR JNR JNR JNR JNR JNR JNR JNR JNR JNR JNR JNR JNR JNR JNR JNR steam JNR JNR JNR JNR JNR JNR JNR JNR JNR JNR JNR JNR JNR JNR JNR JNR JNR JNR JNR JNR JNR JNR JNR JNR JNR JNR JNR JNR JNR JNR JNR JNR JNR JNR JNR JNR JNR steam JNR JNR JNR JNR JNR JNR JNR JNR JNR JNR JNR JNR JNR JNR JNR JNR JNR JNR JNR JNR JNR JNR JNR JNR JNR JNR JNR JNR JNR JNR JNR JNR JNR JNR JNR JNR JNR JNR JNR JNR JNR JNR JNR JNR JNR JNR JNR JNR JNR JNR JNR JNR JNR JNR JNR JNR JNR JNR JNR JNR JNR JNR JNR JNR JNR
1927 : The company was established .
It was abolished in 1962 .
The museum is located on the premises of <unk> Co . , Ltd . , and is used as a part of the project for the reconstruction of the museum .
JNR JNR JNR / JR Diesel Cars JNR JNR JNR JNR JNR JNR JNR JNR steam steam JNR JNR JNR JNR JNR JNR JNR JNR JNR JNR JNR JNR JNR JNR JNR JNR JNR JNR JNR JNR JNR JNR JNR JNR JNR JNR JNR JNR JNR JNR JNR JNR JNR JNR JNR JNR JNR JNR JNR JNR JNR JNR JNR JNR JNR JNR JNR JNR JNR JNR JNR JNR JNR JNR JNR JNR JNR JNR JNR JNR JNR JNR JNR JNR JNR JNR JNR JNR JNR JNR JNR JNR JNR JNR JNR JNR JNR JNR JNR steam JNR JNR JNR JNR JNR JNR JNR JNR JNR JNR JNR JNR JNR JNR JNR JNR JNR JNR JNR JNR JNR JNR JNR JNR JNR JNR JNR JNR JNR JNR JNR JNR JNR JNR JNR JNR JNR steam JNR JNR JNR JNR JNR JNR JNR JNR JNR JNR JNR JNR JNR JNR JNR JNR JNR JNR JNR JNR JNR JNR JNR JNR JNR JNR JNR JNR JNR JNR JNR JNR JNR JNR JNR JNR JNR JNR JNR JNR JNR JNR JNR JNR JNR JNR JNR JNR JNR JNR JNR JNR JNR JNR JNR JNR JNR JNR JNR JNR JNR JNR JNR JNR JNR
1928 : The company was founded .
It was closed in 1931 .
The museum has been designated a national treasure by the Ministry of Land , Infrastructure , Transport and Tourism since the end of the Showa period .
JNR JNR JNR JNR JNR steam steam steam steam steam steam steam steam steam steam steam steam JNR JNR JNR JNR JNR JNR JNR JNR JNR JNR JNR JNR JNR JNR JNR JNR JNR JNR JNR JNR JNR JNR JNR JNR JNR steam JNR JNR JNR JNR JNR JNR JNR JNR JNR JNR JNR JNR JNR JNR JNR JNR JNR JNR JNR JNR JNR JNR JNR JNR JNR JNR JNR JNR JNR JNR JNR JNR JNR JNR JNR JNR JNR JNR JNR JNR JNR JNR JNR JNR JNR JNR JNR JNR JNR JNR JNR JNR JNR JNR JNR JNR JNR JNR JNR JNR JNR JNR JNR JNR JNR JNR JNR JNR JNR JNR JNR JNR JNR JNR JNR JNR JNR JNR JNR JNR JNR JNR JNR JNR JNR JNR JNR JNR JNR JNR JNR JNR JNR JNR JNR JNR JNR JNR JNR JNR JNR JNR JNR JNR JNR JNR JNR JNR JNR JNR JNR JNR JNR JNR JNR JNR JNR JNR JNR JNR JNR JNR JNR JNR JNR JNR JNR JNR JNR JNR JNR JNR JNR JNR JNR JNR JNR JNR JNR JNR JNR JNR JNR JNR JNR JNR JNR JNR JNR JNR JNR JNR JNR JNR JNR JNR JNR
In 1933 , the company was established .
The operation of the bus route was suspended .
It was sold in 1979 .
JNR / JR Diesel Cars Series Diesel Cars ( JNR / JR Diesel Cars Series Diesel Cars )
It was manufactured in 1939 .
It was operated by the Ministry of Agriculture and Commerce .
JNR / JR Diesel Cars Series Diesel Cars ( JNR / JR Diesel Cars Series Diesel Cars )
1920 : The company was established .
It is located in <unk> .
JNR JNR JNR JNR steam steam steam steam steam steam steam steam steam steam steam steam steam JNR JNR JNR JNR JNR JNR JNR JNR JNR JNR JNR JNR JNR JNR JNR JNR JNR JNR JNR JNR JNR JNR JNR JNR JNR steam JNR JNR JNR JNR JNR JNR JNR JNR JNR JNR JNR JNR JNR JNR JNR JNR JNR JNR JNR JNR JNR JNR JNR JNR JNR JNR JNR JNR JNR JNR JNR JNR JNR JNR JNR JNR JNR JNR JNR JNR JNR JNR JNR JNR JNR JNR JNR JNR JNR JNR JNR JNR JNR JNR JNR JNR JNR JNR JNR JNR JNR JNR JNR JNR JNR JNR JNR JNR steam JNR JNR JNR JNR JNR JNR JNR JNR JNR JNR JNR JNR JNR JNR JNR JNR JNR JNR JNR JNR JNR JNR JNR JNR JNR JNR JNR JNR JNR JNR JNR JNR JNR JNR JNR JNR JNR JNR JNR JNR JNR JNR JNR JNR JNR JNR JNR JNR JNR JNR JNR JNR JNR JNR JNR JNR JNR JNR JNR JNR JNR JNR JNR JNR JNR JNR JNR JNR JNR JNR JNR JNR JNR JNR JNR JNR JNR JNR JNR JNR JNR JNR JNR JNR JNR JNR JNR JNR
It was manufactured in 1933 .
The operation route was changed from <unk> to <unk> .
1987 : The station was closed .
JNR JNR JNR JNR JNR steam steam steam steam steam steam steam steam steam steam steam steam JNR JNR JNR JNR JNR JNR JNR JNR JNR JNR JNR JNR JNR JNR JNR JNR JNR JNR JNR JNR JNR JNR JNR JNR JNR steam JNR JNR JNR JNR JNR JNR JNR JNR JNR JNR JNR JNR JNR JNR JNR JNR JNR JNR JNR JNR JNR JNR JNR JNR JNR JNR JNR JNR JNR JNR JNR JNR JNR JNR JNR JNR JNR JNR JNR JNR JNR JNR JNR JNR JNR JNR JNR JNR JNR JNR JNR JNR JNR JNR JNR JNR JNR JNR JNR JNR JNR JNR JNR JNR JNR JNR JNR JNR JNR JNR JNR JNR JNR JNR JNR JNR JNR JNR JNR JNR JNR JNR JNR JNR JNR JNR JNR JNR JNR JNR JNR JNR JNR JNR JNR JNR JNR JNR JNR JNR JNR JNR JNR JNR JNR JNR JNR JNR JNR JNR JNR JNR JNR JNR JNR JNR JNR JNR JNR JNR JNR JNR JNR JNR JNR JNR JNR JNR JNR JNR JNR JNR JNR JNR JNR JNR JNR JNR JNR JNR JNR JNR JNR JNR JNR JNR JNR JNR JNR JNR JNR JNR JNR JNR JNR JNR JNR
1946 : The company was founded .
Nara Kotsu Bus Lines Co . , Ltd .
It was sold in 1979 .
JNR / JR Diesel Cars Series Diesel Cars
1908 : The company was founded .
It was established in <unk> .
In 1979 , it was opened to the public .
1987 : The station was closed .
JNR JNR steam steam steam steam steam locomotive
1908 : The company was founded .
It was closed in 1967 .
1986 : The station was designated as a registered cultural property of Keifuku Electric Railroad Co . , Ltd .
It was relocated to its current location in 1994 .
JNR / JR Diesel Cars Series Diesel Cars ( <unk> )
1908 : The company was founded .
It is located in <unk> Town .
In 1979 , it was opened to the public .
1987 : The station was closed .
JNR JNR JNR JNR JNR steam steam steam steam steam steam steam steam steam steam steam steam JNR JNR JNR JNR JNR JNR JNR JNR JNR JNR JNR JNR JNR JNR JNR JNR JNR JNR JNR JNR JNR JNR JNR JNR JNR steam JNR JNR JNR JNR JNR JNR JNR JNR JNR JNR JNR JNR JNR JNR JNR JNR JNR JNR JNR JNR JNR JNR JNR JNR JNR JNR JNR JNR JNR JNR JNR JNR JNR JNR JNR JNR JNR JNR JNR JNR JNR JNR JNR JNR JNR JNR JNR JNR JNR JNR JNR JNR JNR JNR JNR JNR JNR JNR JNR JNR JNR JNR JNR JNR JNR JNR JNR JNR JNR JNR JNR JNR JNR JNR JNR JNR JNR JNR JNR JNR JNR JNR JNR JNR JNR JNR JNR JNR JNR JNR JNR JNR JNR JNR JNR JNR JNR JNR JNR JNR JNR JNR JNR JNR JNR JNR JNR JNR JNR JNR JNR JNR JNR JNR JNR JNR JNR JNR JNR JNR JNR JNR JNR JNR JNR JNR JNR JNR JNR JNR JNR JNR JNR JNR JNR JNR JNR JNR JNR JNR JNR JNR JNR JNR JNR JNR JNR JNR JNR JNR JNR JNR JNR JNR JNR JNR JNR
1925 : The company was founded .
It is located in <unk> .
It was sold in 1979 .
JNR JNR JNR JNR JNR steam steam steam steam steam steam steam steam steam steam steam steam steam steam JNR JNR JNR JNR JNR JNR JNR JNR JNR JNR JNR JNR JNR JNR JNR JNR JNR JNR JNR JNR JNR JNR JNR JNR steam JNR JNR JNR JNR JNR JNR JNR JNR JNR JNR JNR JNR JNR JNR JNR JNR JNR JNR JNR JNR JNR JNR JNR JNR JNR JNR JNR JNR JNR JNR JNR JNR JNR JNR JNR JNR JNR JNR JNR JNR JNR JNR JNR JNR JNR JNR JNR JNR JNR JNR JNR JNR JNR JNR JNR JNR JNR JNR JNR JNR JNR JNR JNR JNR JNR JNR JNR JNR JNR JNR JNR JNR JNR JNR JNR JNR JNR JNR JNR JNR JNR JNR JNR JNR JNR JNR JNR JNR JNR JNR JNR JNR JNR JNR JNR JNR JNR JNR JNR JNR JNR JNR JNR JNR JNR JNR JNR JNR JNR JNR JNR JNR JNR JNR JNR JNR JNR JNR JNR JNR JNR JNR JNR JNR JNR JNR JNR JNR JNR JNR JNR JNR JNR JNR JNR JNR JNR JNR JNR JNR JNR JNR JNR JNR JNR JNR JNR JNR JNR JNR JNR JNR JNR JNR JNR JNR
In 1936 , he was employed by Sumitomo Co . , Ltd .
It was changed from <unk> to <unk> .
1987 : The station was closed .
JNR / JR Diesel Cars Series 100 ( <unk> )
In 1907 , he was employed by Nagoya Electric Railway Co . , Ltd .
It is located in <unk> .
In 1979 , it was opened to the public .
1987 : The station was closed .
JNR JNR JNR JNR JNR steam steam steam steam steam steam steam steam steam steam steam steam JNR JNR JNR JNR JNR JNR JNR JNR JNR JNR JNR JNR JNR JNR JNR JNR JNR JNR JNR JNR JNR JNR JNR JNR JNR steam JNR JNR JNR JNR JNR JNR JNR JNR JNR JNR JNR JNR JNR JNR JNR JNR JNR JNR JNR JNR JNR JNR JNR JNR JNR JNR JNR JNR JNR JNR JNR JNR JNR JNR JNR JNR JNR JNR JNR JNR JNR JNR JNR JNR JNR JNR JNR JNR JNR JNR JNR JNR JNR JNR JNR JNR JNR JNR JNR JNR JNR JNR JNR JNR JNR JNR JNR JNR JNR JNR JNR JNR JNR JNR JNR JNR JNR JNR JNR JNR JNR JNR JNR JNR JNR JNR JNR JNR JNR JNR JNR JNR JNR JNR JNR JNR JNR JNR JNR JNR JNR JNR JNR JNR JNR JNR JNR JNR JNR JNR JNR JNR JNR JNR JNR JNR JNR JNR JNR JNR JNR JNR JNR JNR JNR JNR JNR JNR JNR JNR JNR JNR JNR JNR JNR JNR JNR JNR JNR JNR JNR JNR JNR JNR JNR JNR JNR JNR JNR JNR JNR JNR JNR JNR JNR JNR JNR
1946 : The company was dissolved .
It was located in <unk> Town .
It was sold in 1979 .
10 . <unk> ( <unk> )
<unk> ( image of <unk> )
JNR / JR Limited Express Series <unk> ( <unk> )
<unk> Co . , Ltd. and <unk> Co . , Ltd .
<unk> ( <unk> ) ( <unk> )
<unk> <unk> ( <unk> )
<unk> ( <unk> ) ( <unk> )
<unk> ( <unk> )
<unk> ( <unk> ) - <unk>
<unk> 2
JNR / JR Diesel Cars Series Diesel Cars
The number of cars is two , and the number of cars is two .
JNR / JR Limited Express Series 50
It is used as a waiting room .
The reason for this is that , in the past , there was a scene where a person who was a member of the House of Peers was able to use a wooden plate and a wooden board was placed on the front side .
It is not available .
Nippon Railway Co . , Ltd . ( <unk> )
JNR / JR Limited Express Co . , Ltd . ( <unk> Co . , Ltd . )
JNR / JR Bus Co . , Ltd .
<unk> Co . , Ltd. and <unk> Co . , Ltd . , <unk> Co . , Ltd . , <unk> Co . , Ltd . , <unk> Co . , Ltd . , <unk> Co . , Ltd .
In 1994 , the museum was opened to the public as well as to commemorate the opening of the museum .
<unk> ' and ' <unk> ' are both located in front of the station .
<unk> Co . , Ltd . , <unk> Co . , Ltd .
<unk> is a kind of Japanese music .
It is a kind of music that is used for religious rites and festivals .
It is also called " <unk> " or " <unk> . "
His name is written as <unk> in Chinese characters .
He was a scholar of ancient Japanese literature and culture .
<unk> ( <unk> ) and <unk> ( <unk> ) ( <unk> ) ( <unk> ) ( <unk> ) ( <unk> ) ( <unk> ) ( <unk> ) ( <unk> ) ( <unk> ) ( <unk> ) ( <unk> )
Buddhism was introduced into Japan through the introduction of Buddhism into Japan .
It is said that he was in charge of the construction of the Great Buddha Hall of Todai-ji Temple in the Nara period , and that he was promoted to the rank of Jusanmi ( Junior Third Rank ) in the following year .
In the early Heian period , the temple was founded by Saicho , and in addition to the above , the temple became a temple of the Shingon sect .
It is also a temple of the Shingon sect , but it is a temple of the Tendai sect and is also a temple of the Shingon sect .
It is also called " <unk> " ( literally , " a book of secrets " ) .
As a result , he was not able to become a disciple of the school .
<unk> ( a type of music ) was created later .
Other than the above , the term " <unk> " is used to refer to different schools .
It is also called " <unk> " or " <unk> " because it is difficult to understand the meaning of " <unk> " and " <unk> . "
In fact , it was necessary to maintain the status of the person who was the head of the school .
As a result , the number of new schools has decreased .
Saicho , who was the founder of the sect , made his mind to establish a new sect .
Saicho and his followers made a great contribution to the development of Buddhism .
The temple is known as a temple of the Jodo Shinshu sect ( the True Pure Land Sect of Buddhism ) , the founder of the sect .
<unk> Temple ( Kyoto City ) and <unk> Temple ( Shiga Prefecture ) were built in the same year .
Its sango ( literally , " mountain name " ) , which is the title prefixed to the name of a Buddhist temple , is <unk> and <unk> .
It is also known as <unk> Temple and <unk> Temple .
In addition to the above , there were two types of monks , one of which was a branch temple of the Tendai sect , and the other was a branch temple of the Tendai sect .
The temple was later destroyed by fire at Mt . Hiei .
It was a new style of music that was created in order to establish a new school .
He became the head priest of the Tendai sect at the time of his succession to the throne .
Jodo Shinshu sect ( the True Pure Land Sect of Buddhism ) and Jodo Shinshu sect ( the True Pure Land Sect of Buddhism )
Shingon Esoteric Buddhism has been passed down to the present day .
It was originally written as <unk> ( <unk> ) , but later it was changed to <unk> ( <unk> ) .
He is also known as the founder of the sect .
He was a master of music and music .
It is also called <unk> ( literally , " a group of people " ) and <unk> ( literally , " a group of people " ) , but it has been passed down from generation to generation to generation as well as from generation to generation to generation to generation to generation .
The temple became extinct during the Edo period due to the separation of Buddhism and Shintoism .
The school was discontinued in the Meiji period , and the school was divided into the <unk> school and the <unk> school .
It is also called <unk> Temple , <unk> Temple , and <unk> Temple ( Kyoto Prefecture ) .
<unk> ( <unk> ) and <unk> ( <unk> ) ( <unk> ) ( <unk> ) ( <unk> ) ( <unk> ) ( <unk> ) ( <unk> ) ( <unk> ) ( <unk> ) ( <unk> ) ( <unk> ) ( <unk> ) ( <unk> )
The school was founded by <unk> <unk> .
On the other hand , in the case of <unk> Temple , which was a branch temple of the Mori clan , it was destroyed by fire in the middle of the mountain , and in the case of <unk> Temple , which was a branch temple of the Tendai sect , it was called <unk> Temple .
It is also called ' <unk> ' or ' <unk> . '
<unk> Temple ( <unk> ) was a branch temple of the Shingon sect .
He was the founder of <unk> Temple in Nara .
<unk> Temple and <unk> Temple were built at the foot of Mt . Koya at the foot of Mt . Koya .
It is also known as <unk> Temple or <unk> Temple .
It is also called <unk> or <unk> .
It is also written as " <unk> " or " <unk> " in Japanese as well as " <unk> " in Japanese .
It is a simple piece of music .
Emperor Tenchi
A male .
Nihonshoki ( Chronicles of Japan ) : It was established on March 29 , 645 .
He was the tenth Emperor .
His imina ( personal name ) was <unk> no mikoto .
His imina ( personal name ) was <unk> .
His name was written as <unk> ( <unk> ) or <unk> ( <unk> ) .
Naka no Oe no Oji ( later called Emperor Tenchi ) was his son .
Naka no Oe no Oji ' is a word meaning ' to ' and ' to ' and ' to ' respectively .
Summary
He was the second Prince of Emperor Jomei .
His mother was the daughter of Prince Kusakabe ( later Emperor Jomei ) .
He was a son of the Emperor Tenmu and his mother was a daughter of <unk> no miko .
Naka no Oe no Oji , who was a maternal relative of the Emperor , was appointed to the post of Sadaijin ( Minister of the Left ) by the order of his father , FUJIWARA no Mototsune .
Naka no Oe no Oji ( later called Emperor Tenchi ) and others were involved in the establishment of the Ritsuryo system ( a centralized government based on the ritsuryo code ) .
He was also involved in the assassination of Prince Shotoku , and he was given the title of <unk> ( literally , " great general who subdues the barbarians " ) .
He was a member of the House of Peers , but he was forced to return to his home country by the order of Emperor Godaigo in the following year , and he was a member of the House of Peers .
Naka no Oe no Oji , who was a member of the Imperial family , was killed in the battle of <unk> ( <unk> ) in Tsukushi Province in the following year .
He was promoted to the rank of Junii ( Junior Second Rank ) in the era of Emperor Tenchi , however , he was defeated in the war and died in the battle at <unk> ( present day <unk> City ) .
After the defeat in the Battle of Hakusukinoe , he was assigned to be a member of the General Headquarters of the Allied Powers ( GHQ ) .
He was also promoted to the rank of Shonii ( Senior Second Rank ) .
Nihonshoki ' ( Chronicles of Japan ) says that the first year of the establishment of the family register was ' <unk> ' and ' <unk> . '
Prince Otomo was the first son of Emperor Tenchi and Prince Otomo was the next emperor .
Oama no Miko ( Prince Oama , later Emperor Tenmu ) , who was the younger brother of Prince Otomo , was enthroned in the Jinshin War .
After the enthronement of Emperor Kanmu , the Tachibana clan continued to exist .
After the death of Emperor Kanmu , his son , Prince Shotoku , succeeded to the throne .
It is said that she gave birth to three sons and four daughters , and gave birth to Prince Oama ( later Emperor Tenmu ) .
Summary
Nihonshoki ( Chronicles of Japan ) : He was born in 645 .
June 25 , 1891 : He was appointed as the Minister of Education .
July 25 , 645 : He was appointed to the post of Omi no miya .
Emperor Tenmu ascended the throne on March 29 , 686 .
On March 24 , 672 , he died at the age of 53 .
( There is a description in " <unk> " ( The Record of the Great Peace ) and " <unk> " ( The Record of the Great Peace ) , which is said to have been written in later ages , that he was a member of the Imperial Family , and that he was forced to return to his hometown , <unk> . )
He was a member of the Imperial Family in the era of Emperor Tenchi , but he died young at the end of the seventh century .
There are several theories about the location of this theory .
Emperor Tenmu , who was in the position of the leader , was against this .
He was the first son of Emperor Tenchi , and his name was written as <unk> in Chinese characters ; however , according to another theory , he was a member of the Imperial Family at the time of the enthronement of his older brother , Emperor Tenchi .
His name appears in " Nihonshoki " ( Chronicles of Japan ) and " Nihon Shoki " ( Chronicles of Japan ) , but he died young at the age of 42 .
The dates of his birth and death are unknown , and there is a theory that he was a member of the House of Peers at that time .
On the other hand , there is a description in " Nihon Shoki " ( Chronicles of Japan ) that when he was young , he was given the title of ' <unk> ' ( literally , " great general who subdues the barbarians " ) by his father , however , he died young at the age of 25 .
His name was also written as <unk> in Chinese characters , but in fact , he was a member of the Imperial Family in the era of Emperor Yozei .
According to the " Nihonshoki " ( Chronicles of Japan ) and the " Nihonshoki " ( Chronicles of Japan ) , the Emperor had no choice but to succeed to the throne .
The reason for this was the fact .
His name appears in " Nihonshoki " ( Chronicles of Japan ) as well as in " Nihon Shoki " ( Chronicles of Japan ) and " Nihon Shoki " ( Chronicles of Japan ) as well as in " Nihon Koki " ( Later Chronicle of Japan ) .
For more information , refer to the article of ' Emperor Tenmu . '
Naka no Oe no Oji ( Prince Naka no Oe ) was one of the reasons why the Jinshin War broke out .
In addition to the above , there is a theory that the relationship between the Emperor and the Empress was good .
Naka no Oe no Oe no Oji committed suicide .
According to the " Nihonshoki " ( Chronicles of Japan ) , this was the beginning of the Taika Reforms .
Other than the above , there is a theory that says that he was not able to get involved in the succession to the Imperial Throne due to the fact that he was involved in the conflict between the Soga clan and the Soga clan .
There is a theory that the Empress Teimei was a member of the Imperial Family after the enthronement of Emperor Tenchi .
His wife was a daughter of <unk> <unk> , who was a member of the Imperial Family , and it is described in " Manyoshu " ( Collection of Ten Thousand Leaves ) as follows .
His wife was a daughter of <unk> <unk> , who was a member of the House of Peers , and he was forced to change his name from <unk> to <unk> .
It is said that the Empress Teimei gave birth to a son , <unk> ( later known as <unk> ) , who was a member of the Imperial Family at that time , but the details are unknown .
He was a member of the Imperial Family , and his name was written as ' <unk> ' ( <unk> ) in " Kojiki " ( The Records of Ancient Matters ) and ' <unk> ' ( <unk> ) in " Nihonshoki " ( Chronicles of Japan ) .
His name was written as ' <unk> ' in Japanese ; however , it is said that he was a member of the Imperial Family because of the fact that he was not able to do so .
In addition to the above , there is a description that says that he was a member of the Council for Cultural Affairs , and that he was not able to be able to get involved in politics and culture , and that he was able to establish a new state of affairs .
Waka ( Japanese poem )
His poems were included in " Manyoshu " ( Collection of Ten Thousand Leaves ) .
Hyakunin Isshu ( the Ogura Anthology of One Hundred Poems by One Hundred Poets ) , which was compiled in the early Heian period , is also included in " <unk> " ( The Anthology of One Hundred Poems by One Hundred Poets ) .
<unk> / <unk> / <unk> / <unk>
Manyoshu ( Collection of Ten Thousand Leaves )
<unk> <unk> <unk> <unk> <unk> ( <unk> <unk> )
The Sanjo family was a court noble of the Northern House of the Fujiwara clan .
He was a member of the House of Fujiwara North line of the Northern House of the Fujiwara clan .
The family line of the Saionji family was divided into the four families of the Nijo family and the Saionji family .
He was a member of the House of Peers , and his name was derived from the fact that he was from the fact that he was a member of the House of Peers of the Fujiwara clan .
The family crest is a circle .
The family line was founded by FUJIWARA no Tameie , the third son of FUJIWARA no Morozane .
He was a member of the House of Peers , and after the death of his father , he was promoted to the rank of Shonii ( Senior Second Rank ) and served as a trusted vassal of the Kamakura bakufu ( Japanese feudal government headed by a shogun ) .
His family name was derived from the fact that he was born in <unk> , Yamashiro Province ( present day <unk> , Ukyo Ward , Kyoto City ) .
It is said that the temple was named after the fact that the main hall of the temple was built by Yoshimitsu ASHIKAGA , the third shogun of the Muromachi bakufu ( Japanese feudal government headed by a shogun ) .
He was a member of Sekkan-ke ( the families which produced regents ) from the Kamakura bakufu ( Japanese feudal government headed by a shogun ) .
She gave birth to Emperor Godaigo and Emperor Godaigo , and gave birth to a son and a daughter .
In addition to the above , there was a conflict between the Saionji family and the Saionji family over the position of Kanpaku ( chief adviser to the Emperor ) .
After the fall of the Kamakura bakufu ( Japanese feudal government headed by a shogun ) , he was dismissed from his post as a member of the Council of State .
He was a member of the House of Peers by order of Emperor Godaigo ; however , he was defeated in a plot to overthrow the bakufu ( Japanese feudal government headed by a shogun ) , and he was forced to change his name from <unk> to <unk> .
The family line of the Northern House of the Fujiwara clan was discontinued in the period of the Northern and Southern Courts ( Japan ) , and the family estate was taken over by the son of Sadaijin ( Minister of the Left ) FUJIWARA no Mitsuyoshi .
The Reizei family was a court noble who lived during the Muromachi period .
His wife was a daughter of Dainagon ( chief councilor of state ) Katsumoto KATAGIRI , but it was not until the end of the Edo period that he was able to establish a new branch family called " <unk> " ( literally , " great general who subdues the barbarians " ) and " <unk> " ( literally , " great king " ) .
He was a member of Kizokuin ( the House of Peers ) and a member of the House of Peers , and after the Meiji Restoration , he was promoted to the rank of Shonii ( Senior Second Rank ) and became a member of the House of Peers .
He was a member of the House of Peers at that time , but when he was young , he was given the title of ' <unk> ' ( literally , " great general who subdues the barbarians " ) and ' <unk> ' ( literally , " great general who subdues the barbarians " ) because he was a member of the House of Peers .
Mt . Hiei is located in the southern part of Kyoto Prefecture and Mt . Hiei in the southern part of Kyoto Prefecture .
Mt . Oe is located in the northern part of Kyoto Prefecture , and it is also known as <unk> ( <unk> ) and <unk> ( <unk> ) ( <unk> ) ( <unk> ) ( <unk> ) .
<unk> Temple is located at the foot of Mt . Hiei .
The temple is located at the foot of Mt . Koya , and it is also known as <unk> Temple or <unk> Temple .
Higashiyama ( Kyoto Prefecture )
Mt . Hiei is also known as Mt . Hiei , Mt . Hiei , and Mt . Hiei .
Summary
It is said that the temple was located at the foot of Mt . Hiei , and the temple was located at the foot of Mt . Hiei .
It is said that his name appears in " <unk> " ( The Record of the Seven Deities ) and " <unk> " ( The Record of the Seven Deities ) , and his name appears in " <unk> " ( The Record of the Seven Great Temples ) and " <unk> " ( The Record of the Seven Deities ) .
Enryaku-ji Temple is a temple of the Tendai sect , which is believed to have been founded by <unk> <unk> , a priest of the Tendai sect , as well as a temple of the Tendai sect .
The temple is located at the foot of Mt . Hiei in the center of the mountain , and it is also known as <unk> Temple or <unk> Temple .
It is also known as <unk> Temple , <unk> Temple , and <unk> Temple , which are located in the northern part of Kyoto , as well as <unk> Temple , which is located at the foot of Mt . Hiei .
In addition to the above , there is a description that the temple was located at the foot of Mt . Hiei and that the temple was located at the foot of Mt . Hiei , and that the temple was located at the foot of Mt . Hiei .
Mt . Hiei is located on the border between Kyoto and Shiga , and the road runs through the foot of the mountain .
It is possible to take a rest at the foot of foot from the mountain to the foot of the mountain and get off at the foot of the mountain .
The museum is located in front of the main hall of Mt . Hiei , and it is also called ' <unk> ' or ' <unk> ' due to the fact that it used to be used by people in the past .
On the other hand , there is a plan to use the name of ' <unk> ' ( <unk> ) , and on the other hand , in the case of ' <unk> ' ( <unk> ) , it was opened to the public on the grounds of Kyoto City Trams .
Mt . Hiei and Mt . Hiei
It is also known as the " <unk> " ( <unk> ) , the " <unk> " ( <unk> ) , and the " <unk> " ( <unk> ) , the " <unk> " ( <unk> ) , the " <unk> " ( <unk> ) , the " <unk> " ( <unk> ) , the " <unk> " ( <unk> ) , the " <unk> " ( <unk> ) , the " <unk> " ( <unk> ) , the " <unk> " ( <unk> ) , the " <unk> " ( <unk> ) and so on .
It is also referred to as ' <unk> ' and ' <unk> . '
It is located in the center of Fushimi Ward , Kyoto City , and it is said that this is due to the fact that it is located at the foot of the mountain .
Mt . Hiei is located at the top of Mt . Hiei , and it is said that the name of the mountain is derived from the fact that the temple is located at the foot of Mt . Hiei .
Keifuku Electric Railroad Co . , Ltd . , is located at the foot of Mt . Hiei , and it is operated by Keifuku Electric Railroad Co . , Ltd .
His name is also written as ' <unk> ' ( <unk> ) , ' <unk> ' ( <unk> ) , ' <unk> ' ( <unk> ) , and ' <unk> ' ( <unk> ) .
The name of the temple is derived from the fact that the temple is located in the north of Mt . Hiei , and the name of the temple is derived from the fact that the temple is located in the south of Mt . Hiei .
Area
Mt . Hiei ( Mt . Hiei )
Mt . Oe is located on the south side of the mountain , and it is said that this is because of the fact that it is located on the south side of the mountain .
It is also known as Mt . Hiei and Mt . Hiei as well as Mt . Hiei .
Access
Keifuku Electric Railroad Co . , Ltd . ( Eizan Electric Railway )
Keifuku Electric Railroad Co . , Ltd . ( Keifuku Electric Railroad )
Eizan Electric Railway
Mt . Hiei
Kyoto Prefectural Route 20 : <unk> Line ( Shiga Prefecture )
Mt . Hiei Bus
Keihan Bus Co . , Ltd .
Kyoto Bus Co . , Ltd . ( operated by Keifuku Bus Co . , Ltd . )
TV TV TV broadcasting
Kyoto City Bus Co . , Ltd . , is located in the northern part of Kyoto Prefecture , and it is operated by the local people .
It is possible that the card can be used in the form of ' <unk> ' ( <unk> ) in Shiga Prefecture and ' <unk> ' ( <unk> ) in Shiga Prefecture .
The card can be found on the premises of the station .
April 1 , 2005 : The operation started .
The card can be found on the premises of the station .
Summary
On the other hand , there is a description in " <unk> " ( <unk> ) and " <unk> " ( <unk> ) ( <unk> ) ( <unk> ) ( <unk> ) ( <unk> ) ( <unk> ) ( <unk> ) ( <unk> ) ( <unk> ) ( <unk> ) ( <unk> ) ( <unk> ) ( <unk> ) ( <unk> ) ( <unk> ) ( <unk> ) ( <unk> ) ( <unk> ) .
In addition to the above , there is a view that the number of people who do not belong to the group is limited to the number of people who do not belong to the group of Osaka Broadcasting Corporation .
Tokaido Road ( Tokaido Road )
During the Edo period , the Edo bakufu ( Japanese feudal government headed by a shogun ) decided to build a castle at the foot of Mt . Atago ( Kyoto City ) .
For details , refer to the section .
Ukiyoe ( Japanese woodblock prints ) , which was created in the early Edo period , is called " <unk> " ( <unk> ) or " <unk> " ( <unk> ) .
<unk> <unk> ( <unk> ) : A group of people who have been engaged in business from the beginning .
<unk> ( a group of three groups )
Tokaido Road ( Tokaido Road ) : It was constructed in the early Edo period , and it was called ' <unk> ' or ' <unk> ' in order to distinguish it from ' <unk> . '
It is also known as " <unk> " or " <unk> " as well as " <unk> " as well as " <unk> " as well as " <unk> " as well as " <unk> . "
The term " <unk> " is used in the case of " <unk> " in the case of " <unk> " in the case of " <unk> . "
The names of each province are as follows .
The number of passengers is about <unk> .
By the way , there are some cases in which the name of the city is changed from the old name of the city system to the old name of the city .
<unk> ( Chuo Ward , Tokyo )
<unk> ( Minato Ward , Tokyo )
Hakodate City , Kanagawa Prefecture ( 2 )
<unk> ( Yokohama City , Kanagawa Prefecture )
4 . <unk> , <unk> Ward , Yokohama City
5 . <unk> Temple ( Chuo Ward , Yokohama City )
<unk> ( <unk> , <unk> , Kanagawa Prefecture )
<unk> ( <unk> ) , <unk> City , Kanagawa Prefecture
<unk> ( <unk> , <unk> County , Kanagawa Prefecture )
Odawara City , Kanagawa Prefecture ( <unk> )
<unk> ( <unk> , <unk> , Kanagawa Prefecture )
<unk> ( <unk> City , Shizuoka Prefecture )
<unk> ( <unk> City , Shizuoka Prefecture )
Tokaido Road ( <unk> City , Shizuoka Prefecture )
<unk> ( Nikko City , Shizuoka Prefecture )
<unk> ( <unk> , <unk> , Shizuoka Prefecture )
<unk> ( <unk> , <unk> )
<unk> ( <unk> City , Shizuoka Prefecture )
<unk> ( Minami Ward , Nagoya City ) : <unk>
Date City , Shizuoka Prefecture
<unk> ( <unk> City , Shizuoka Prefecture )
<unk> ( <unk> , <unk> , Shizuoka Prefecture )
<unk> : <unk> City , Shizuoka Prefecture
<unk> ( Mishima City , Shizuoka Prefecture )
<unk> ( <unk> , <unk> County , Shizuoka Prefecture )
<unk> ( <unk> City , Shizuoka Prefecture )
Ogaki City , Shizuoka Prefecture ( <unk> )
<unk> ( <unk> City , Shizuoka Prefecture )
<unk> ( <unk> City , Shizuoka Prefecture )
Sendai City , Aichi Prefecture ( <unk> )
<unk> ( <unk> City , Shizuoka Prefecture ) - <unk> ( <unk> )
<unk> ( <unk> , <unk> , Shizuoka Prefecture )
<unk> Station ( Shiga Prefecture )
Okazaki City , Aichi Prefecture ( <unk> )
<unk> Shrine ( Ogaki City , Aichi Prefecture )
<unk> , <unk> , Aichi Prefecture ( <unk> )
<unk> Temple ( Maizuru City , Aichi Prefecture )
Okazaki City , Aichi Prefecture ( <unk> )
Okazaki City , Aichi Prefecture ( <unk> )
<unk> ( <unk> ) ( <unk> City , Aichi Prefecture )
<unk> ( Nagoya City , Aichi Prefecture )
Nagoya City , Aichi Prefecture ( <unk> )
Kuwana City , Mie Prefecture
<unk> Station ( Mie Prefecture ) - <unk>
<unk> ( Ono City , Mie Prefecture )
<unk> ( Ono City , Mie Prefecture )
Kameyama City , Mie Prefecture ( <unk> )
<unk> ( <unk> , <unk> County , Mie Prefecture )
<unk> ( <unk> , <unk> County , Mie Prefecture )
<unk> ( <unk> , Koka City , Shiga Prefecture ) - <unk>
<unk> ( <unk> , Koka City , Shiga Prefecture )
<unk> ( <unk> , Koka City , Shiga Prefecture )
<unk> Station ( Shiga Prefecture )
Otsu City , Shiga Prefecture ( Otsu City )
<unk> Bridge ( Kyoto City , Kyoto Prefecture )
According to " <unk> " ( a collection of Buddhist stories compiled in the Edo period ) , when he was a child , he went to the capital ( Kyoto ) with the help of <unk> <unk> , who was a member of the Council of State , and was a member of the House of Peers .
The Tokaido Road was constructed in the same year by the order of the Edo bakufu ( Japanese feudal government headed by a shogun ) .
It is also referred to as " <unk> " ( literally , " seven roads " ) and " <unk> " ( literally , " seven roads " ) .
It is also called <unk> Road , because it is located at the foot of Mt . Hiei , and it is located at the foot of the mountain side of the mountain ( <unk> Road ) .
Under the Ritsuryo system ( a system of centralized government based on the ritsuryo code ) .
The number of years is small .
<unk> is one of the three major cities in Japan .
<unk> Bridge ( Fushimi Ward , Kyoto City )
<unk> ( Fushimi Ward , Kyoto City )
Hirakata City , Osaka Prefecture ( <unk> )
<unk> ( Osaka City ) : <unk>
<unk> ( Chuo Ward , Osaka City )
It was originally located in <unk> , <unk> ( present day <unk> , Chuo Ward , Tokyo ) .
" <unk> " is a book written in kana ( the Japanese syllabary ) , which was written in kana ( the Japanese syllabary ) in the early Heian period .
It is also called " <unk> , " " <unk> , " " <unk> , " " <unk> , " and so on .
It is also called " <unk> " or " <unk> . "
He also wrote " <unk> " ( The Tale of Genji ) and " <unk> " ( The Tale of Genji ) as well as " <unk> " ( The Tale of Genji ) as well as " <unk> " ( The Tale of Genji ) as well as " <unk> " ( The Tale of Genji ) .
It is also known as " <unk> , " " <unk> , " " <unk> , " and so on .
" <unk> " ( Collection of Ancient and Modern Poems ) , which was written in the same style as " <unk> " ( Collection of Ancient and Modern Poems ) and " <unk> " ( Collection of Ancient and Modern Japanese Poetry ) which was written in the same style as " <unk> " ( Collection of Ancient and Modern Japanese Poetry ) , was also included in " <unk> " ( Collection of Chinese Poems ) .
His name was also written as ' <unk> ' ( <unk> ) in Chinese characters as well as ' <unk> ' ( <unk> ) in kanji ( Chinese characters ) and ' <unk> ' ( <unk> ) in kanji ( Chinese characters ) in kanji ( Chinese characters ) in kanji ( Chinese characters ) .
It is also called " <unk> , " " <unk> , " " <unk> , " " <unk> , " " <unk> , " and so on .
It is also said that the name ' <unk> ' was derived from the fact that the author was from the fact that the author had a close relationship with the author .
In addition to the above , there is a description in " <unk> " ( Collection of Ancient and Modern Poems ) and " <unk> " ( Collection of Ancient and Modern Poems ) as well as in " <unk> " ( Collection of Ancient and Modern Poems ) .
For details , refer to " The Tale of Genji . "
The word ' <unk> ' ( <unk> ) is derived from ' <unk> ' ( <unk> ) and ' <unk> ' ( <unk> ) .
<unk> is often written as ' <unk> ' or ' <unk> ' in kanji ( Chinese characters ) .
<unk> is also written as <unk> in kanji ( Chinese characters ) .
Letter
Other theories
However , the details are not known .
It is also referred to as " <unk> " ( literally , " tale of an old woman " ) , and it is written in the form of " <unk> " ( literally , " tale of an old woman " ) .
It is said that he was a member of the House of Peers at that time , and his name appeared in " <unk> " ( The Collection of Ancient and Modern Japanese Poetry ) , which was completed around the end of the 12th century .
It is said that the book was completed around the end of the book , but it is also said that the book was written around the end of the book .
The " Genji Monogatari " ( The Tale of Genji ) and " Genji Monogatari " ( The Tale of Genji ) are considered to have been written in the same manner as those of " Genji Monogatari " ( The Tale of Genji ) , and the " Genji Monogatari " ( The Tale of Genji ) is based on the original text .
The book consists of a large volume and a small volume .
It consists of three volumes and three volumes .
FUJIWARA no Sadaie , who was a member of the House of Peers , wrote a book called " <unk> " in his own hand .
It is said that the original form of ' <unk> ' is ' <unk> ' and ' <unk> ' is ' <unk> . '
It is also called " <unk> " ( literally , " a book " ) and " <unk> " ( literally , " a book " ) .
The first part : ' <unk> ' ( <unk> ) , ' <unk> ' ( <unk> ) , ' <unk> ' ( <unk> ) , ' <unk> ' ( <unk> )
The story is based on the story .
Important Cultural Property - <unk>
The second volume ( <unk> )
<unk> , <unk> , <unk> , <unk> , <unk> , <unk>
It is said that she gave birth to a son , <unk> ( later known as <unk> ) , and a daughter , who was a member of the House of Peers .
It was completed in the late Kamakura period .
It is said that the original form of the book was almost the same as that of the present day , and that of the third volume of the book was the same as that of the present day .
It is a book written in kana ( the first half of the Edo period ) and a book written in kana ( the second volume ) .
300 chapters
The term " <unk> " is used in the form of " <unk> . "
It was made in the Muromachi period .
It is said that his name was derived from the fact that he was a priest of <unk> Temple in <unk> , and his name was changed from <unk> to <unk> .
It is two volumes .
He left a diary and record of his life .
The book was written by Emperor Gomurakami .
It is said that the book was written by Emperor Gomurakami .
Letter written by the Emperor
It consists of twenty volumes .
There are two types .
In general , the term " <unk> " is used .
The first volume
2 volumes .
3 volumes .
It consists of four volumes .
5 volumes
The term " <unk> " is used in the form of " <unk> . "
The only one is the one owned by the Maeda family ( the Maeda family ) and the one owned by the Kaga Domain .
It is also called " <unk> " or " <unk> . "
Important Cultural Property
It is said to have been created in the early Heian period by the author of " The Tale of Genji " and " The Collection of Tales of Times Now Past . "
" <unk> " ( Collection of Ancient and Modern Japanese Poetry ) and " <unk> " ( Collection of Ancient and Modern Japanese Poetry ) were also included in " <unk> " ( Collection of Ancient and Modern Japanese Poetry ) and " <unk> " ( Collection of <unk> ) respectively .
It is also called " <unk> " or " <unk> " because it was completed in the early Edo period .
The second volume of the book was published in the early Showa period , and the third volume of the book was changed to the third volume of the book , and the third volume was changed to the third volume of the book .
It is also known as " <unk> " ( literally , " tale of <unk> " ) , which was written in the late Heian period , and " <unk> " ( literally , " tale of <unk> " ) which was written in the form of " <unk> " ( literally , " tale of <unk> " ) .
The third volume of the book consists of two volumes , and the third volume of the book is called " <unk> " ( <unk> ) .
<unk> ' ( <unk> ) , ' <unk> ' ( <unk> ) , ' <unk> ' ( <unk> ) , ' <unk> ' ( <unk> ) , ' <unk> ' ( <unk> ) , ' <unk> ' ( <unk> ) , ' <unk> ' ( <unk> ) , ' <unk> ' ( <unk> ) , ' <unk> ' ( <unk> ) , and so on .
( There are two types of chapters , one is ' <unk> ' and the other is ' <unk> ' and the other is ' <unk> . ' )
His name was written as <unk> in kanji ( Chinese characters ) and <unk> in kana ( Japanese syllabary characters ) , but in fact , it was written as <unk> in kanji ( Chinese characters ) and kana ( Japanese syllabary characters ) in kana ( Japanese syllabary characters ) .
The original form of ' <unk> ' is that of ' <unk> ' ( <unk> ) and ' <unk> ' ( <unk> ) , and that of ' <unk> ' ( <unk> ) is that of ' <unk> ' ( <unk> ) .
General criticism
It is also called " <unk> , " " <unk> , " " <unk> , " and so on .
It is also called " <unk> " ( <unk> ) , " <unk> " ( <unk> ) , " <unk> " ( <unk> ) , and " <unk> " ( <unk> ) .
It is also called ' <unk> ' or ' <unk> . '
Chugu ( the second consort of an emperor ) , FUJIWARA no Shoshi .
It is said that he became a priest at the time of the death of his father , FUJIWARA no Michinaga .
By the way , there is a description that he was not able to become a priest even though he was a member of the House of Fujiwara clan .
In addition to the above , there is a description in " <unk> " ( A Collection of Ancient and Modern Japanese Poetry ) that says that the Emperor 's mother was from the same family line as the Emperor 's mother , who was from the same family and was from the same family .
General criticism
He was a member of the House of Peers , and his name was changed from <unk> to <unk> .
The term " <unk> " is used to refer to a person who is not a member of a family but a member of a family .
She was given the title of ' <unk> ' ( the second highest rank for court nobles ) and ' <unk> ' ( the third highest rank for court nobles ) .
Yoshinobu TOKUGAWA , the 13th Seii Taishogun ( literally , " great general who subdues the barbarians " ) of the Edo bakufu ( Japanese feudal government headed by a shogun ) , was his brother .
He was a member of shogun 's council of elders of the Edo bakufu ( Japanese feudal government headed by a shogun ) .
He was conferred Juichii ( Junior First Rank ) Naidaijin ( Minister of the Interior ) .
Court nobles
He became the 14th Shogun after the fall of the Edo bakufu ( Japanese feudal government headed by a shogun ) .
The Edo bakufu ( Japanese feudal government headed by a shogun ) issued an order to overthrow the bakufu ( Japanese feudal government headed by a shogun ) at the end of the Edo period to overthrow the bakufu ( Japanese feudal government headed by a shogun ) , and after the defeat in the Battle of Toba-Fushimi , he was forced to change his name to " <unk> " ( literally , " great general who subdues the barbarians " ) and " <unk> " ( literally , " great general who subdues the barbarians " ) .
In his later years , he became a member of the House of Peers and lived in seclusion .
His name was also written as ' <unk> ' or ' <unk> . '
His name was written as " <unk> " in Chinese characters as well as " <unk> " in Japanese .
His name was also written as ' <unk> ' or ' <unk> . '
It is called ' <unk> ' or ' <unk> ' because it is located in <unk> City , Shizuoka Prefecture .
His name was also written as ' <unk> ' ( <unk> ) in Chinese characters as well as ' <unk> ' ( <unk> ) and ' <unk> ' ( <unk> ) in Japanese .
On the other hand , it is said that the name " <unk> " was derived from the fact that he was a close relative of Yoshinobu TOKUGAWA .
It is also called ' <unk> , ' ' <unk> , ' ' <unk> , ' ' <unk> , ' and so on .
His name was also written as ' <unk> ' ( <unk> ) in Chinese characters as well as ' <unk> ' ( <unk> ) in Japanese as well as ' <unk> ' ( <unk> ) in Chinese characters .
He was born in <unk> , <unk> , Edo ( present day <unk> , Chiyoda Ward ) as the eighth son of Hideyori TOYOTOMI .
His lawful wife was the daughter of Hidetada TOKUGAWA , the third Shogun .
His lawful wife was a daughter of Hidetada TOKUGAWA , and his name was also written as <unk> ( literally , " great general who subdues the barbarians " ) .
His childhood name was <unk> .
He was a member of the House of Peers , and after the death of his father , he was given the title of ' <unk> ' ( literally , " great general who subdues the barbarians " ) by the bakufu ( Japanese feudal government headed by a shogun ) and became a member of the House of Peers .
He was a member of the House of Peers ( Japan ) , but he was not able to have any children , so he made his first appearance as an adopted son of the first shogun of the Edo bakufu ( Japanese feudal government headed by a shogun ) , Yoshinobu TOKUGAWA .
On the other hand , he was a member of the House of Peers , and on the other hand , he was promoted to the rank of Jugoinoge ( Junior Fifth Rank , Lower Grade ) by the order of the bakufu ( Japanese feudal government headed by a shogun ) .
On the other hand , his name was changed from <unk> to <unk> , and on the other hand , he was promoted to the rank of Juichii ( Junior First Rank ) by the bakufu ( Japanese feudal government headed by a shogun ) .
He was a member of the House of Peers , but when he was young , he was forced to resign from his post as a member of the House of Peers due to the fact that he was a close adviser to the Emperor .
He was a member of the House of Peers ( Japan ) ; however , he died young at the age of 25 in the following year , and he was given the title of ' <unk> ' ( literally , " great general who subdues the barbarians " ) by the Tokugawa Shogunate .
Naosuke II , who was the lord of the domain and the lord of the domain , who was the lord of the domain , and the lord of the domain , who was the lord of the domain , and the lord of the domain , who was the chief adviser to the Emperor , who was the lord of the domain , were also in conflict with each other .
He was a member of the House of Peers , but after the death of his wife , he was ordered by the bakufu ( Japanese feudal government headed by a shogun ) to be a member of the House of Peers by the order of the Tokugawa Shogunate , and he was given the title of ' <unk> ' ( literally , " great general who subdues the barbarians " ) .
Treaty of Amity and Commerce between the United States and the Empire of Japan was concluded in 1858 .
Naosuke II , who was the lord of the domain and was the lord of the domain , resigned from the post in the following year , and became the lord of the domain at the end of the year .
On the other hand , it is said that he had no choice but to give up his position as the head of the family at the time of his death , and that he had no choice but to give up his position as the lord of the domain .
In the same year , he was ordered to return to his home town .
Hisamitsu SHIMAZU , who was a member of the House of Peers , was assigned to be a member of ' <unk> ' ( literally , " great general who subdues the barbarians " ) and ' <unk> ' ( literally , " great general who subdues the barbarians " ) by the order of the Emperor , and was assigned to be a member of ' <unk> ' ( literally , " great general who subdues the barbarians " ) .
On the other hand , he was assigned to the post of Kanpaku ( chief adviser to the Emperor ) , and on the other hand , on the other hand , he formed a new government .
The Edo bakufu ( Japanese feudal government headed by a shogun ) established a new system called " <unk> " ( literally , " great general who subdues the barbarians " ) , " <unk> " ( literally , " great general who subdues the barbarians " ) , and " <unk> " ( literally , " great general who subdues the barbarians " ) .
In response to the request from the bakufu ( Japanese feudal government headed by a shogun ) , he went up to Kyoto in 1863 and served as a member of the Shinsengumi ( a group who guarded Kyoto during the late Tokugawa Shogunate ) .
In response to the request from the Emperor , he was given the title of ' <unk> ' ( literally , " great general who subdues the barbarians " ) from the Emperor to the Emperor ; however , he was not able to do so because of the fact that he was a close adviser of the bakufu ( Japanese feudal government headed by a shogun ) .
On the other hand , there was a conflict between the Choshu clan and the bakufu ( Japanese feudal government headed by a shogun ) , and on the other hand , on the other hand , he was assigned to be a member of the House of Peers by the order of the Imperial Court .
On the other hand , according to " <unk> " ( The Record of the Great Peace ) and " <unk> " ( The Diary of Imperial Prince Arisugawanomiya Taruhito ) , when he was the head of the group , he was not able to get along with other members of the group , such as Takamori SAIGO , who was a close adviser to the Emperor , and was a close adviser to the Emperor .
He was a member of the Shinsengumi ( a group who guarded Kyoto during the end of Tokugawa Shogunate ) and a member of the Council of Five Elders ( later called " <unk> " ) , and was assigned to be a member of the Council of State by the Imperial Court .
He was a member of the Shinsengumi ( a group who guarded Kyoto during the end of Tokugawa Shogunate ) and also a member of the Shinsengumi ( a group who guarded Kyoto during the end of Tokugawa Shogunate ) , but he was forced to commit suicide by disembowelment .
In the Battle of Toba-Fushimi , he was assigned to be a member of the Shinsengumi ( a group who guarded Kyoto during the end of Tokugawa Shogunate ) , but he was defeated and killed in action .
After the defeat in the Battle of Sekigahara , he was given the title of <unk> ( the third highest rank of the Imperial Court ) by the bakufu ( Japanese feudal government headed by a shogun ) , but he was not able to do so because of the fact that he was involved in the establishment of a new government .
In the second conquest of Choshu in 1866 , he was ordered by the bakufu ( Japanese feudal government headed by a shogun ) to take part in the conquest of Choshu .
The army of bakufu ( Japanese feudal government headed by a shogun ) was defeated by the army of bakufu ( Japanese feudal government headed by a shogun ) and the army of bakufu ( Japanese feudal government headed by a shogun ) was forced to retreat .
On the occasion of the Battle of Toba-Fushimi , he was appointed as the second Shogun of the Tokugawa Shogunate .
In response to the request of the new government , he formed an alliance with the new government .
He was assigned to be the successor to the Shogun , but failed .
On the other hand , the Edo bakufu ( Japanese feudal government headed by a shogun ) decided to take over the position of Shogun .
On the other hand , he was promoted to the rank of Juichii ( Junior First Rank ) by the order of Emperor Komei , and on the other hand , he was assigned to the post of Kanpaku ( chief adviser to the Emperor ) .
It is said that this was because of the fact that there was a large number of people who were able to get involved in the establishment of a new government .
He was a member of the House of Peers , and he was promoted to the rank of <unk> ( Senior Lieutenant General of the Right Division of Inner Palace Guards ) by the order of Emperor Meiji , and then to the rank of <unk> ( Minister of Agriculture and Commerce ) .
He also served as an instructor at the Paris World Exposition and the United States of America .
In addition to the above , there is a theory that the Imperial Court decided to build a new port in Kyoto .
On the other hand , according to " <unk> " ( The Record of the Restoration of Imperial Rule ) , he became a member of the Council of State , and on the other hand , he was forced to change his name to " <unk> " ( literally , " new emperor " ) .
It was not until the end of the Tokugawa shogunate , and it is said that he was a member of the House of Peers .
He was a member of the House of Peers , and on the other hand , he was given the title of ' <unk> ' ( literally , " great general who subdues the barbarians " ) and ' <unk> ' ( literally , " great general who subdues the barbarians " ) by the order of Emperor Meiji , and on the other hand , he was promoted to ' <unk> ' ( literally , " great general who subdues the barbarians " ) .
In response to the request from the Imperial Court , he became a member of the Council of State at the end of the Edo period , but he was forced to return to his hometown due to the fact that he was a member of the House of Peers and also a member of the House of Peers .
The Edo bakufu ( Japanese feudal government headed by a shogun ) , which was established in the same year , decided to go to the capital ( Kyoto ) with the help of a member of the Shinsengumi ( a group who guarded Kyoto during the end of Tokugawa Shogunate ) , and then to the Aizu Domain .
On the other hand , according to " <unk> " ( The Record of the Great Peace ) and " <unk> " ( The Record of the Great Peace ) , he was defeated by the army of the bakufu ( Japanese feudal government headed by a shogun ) at the Battle of Sekigahara , and was forced to retreat from Kyoto .
On the other hand , the Imperial Prince 's side and the Emperor 's side were forced to move to the front of the Imperial Palace , and on the other hand , the Imperial Prince 's side was put under the control of the General Headquarters of the Allied Powers .
On the other hand , there was a conflict between the two sides and the one between the two parties .
In March of the same year , he became a member of the Council of Five Elders , and went to Mt . Koya again .
He became the head of the family ( later became the head of the family ) of the Shimizu Tokugawa family .
He was a member of the Shinsengumi ( a group who guarded Kyoto during the end of Tokugawa Shogunate ) , but he was forced to return to his hometown due to the fact that he was a member of the Council of Five Elders and a member of the Shinsengumi ( a group who guarded Kyoto during the end of Tokugawa Shogunate ) .
On the other hand , the Edo bakufu ( Japanese feudal government headed by a shogun ) decided to move to Nagoya in the same year .
<unk> ( a group of former retainers of the Mito Domain )
A vassal of the Tokugawa family ( the lord of the Mito Domain )
Yoshinobu TOKUGAWA ( the lord of the domain )
Akiie KITABATAKE
A vassal of the Tokugawa family ( the lord of the Mito Domain )
<unk>
<unk>
<unk> MATSUDAIRA
In the end of the Edo period , he was ordered to return to his hometown due to the defeat of the Boshin War .
He was good at writing , writing , writing , and writing , but after the war , he was forced to live in seclusion .
In 1897 , he moved to Tokyo .
In the following year , he was given the title of Imperial Prince by Emperor Meiji .
He was a member of the House of Peers in the Meiji period , and he was given the title of baron in the same year .
He became the head of the family at the time of the death of his father in 1602 .
He died in 1913 .
He died at the age of 23 on the grounds that he was a member of shogun 's council of elders .
* Date according to the old calendar until the end of the Meiji period .
In 1863
On October 1 , he succeeded to the position of head of the family .
On New Year 's day , he was given the name of Yoshinobu .
He was appointed to Jusanmi ( Junior Third Rank ) Sakone gon no chujo ( Provisional Middle Captain of the Left Division of Inner Palace Guards ) .
He was the second son of <unk> <unk> , who was a member of the House of Peers .
Sangi ( councilor ) .
In the same year , he succeeded to the position of the chief adviser to the Emperor , Iesada TOKUGAWA .
Ansei no Taigoku ( suppression of extremists by the Shogunate ) in the same year , and he was placed under house arrest .
In October of the same year , he was placed under house arrest .
1862
On the other hand , he succeeded to the position of the head of the family .
On the other hand , he was appointed to the post of Togu ( the Crown Prince ) .
He was appointed to Gon Chunagon ( a provisional vice-councilor of state ) .
January 1863 : Became a member of the Council of State .
1864
On March 23 , he resigned from the post of Kurodo no to .
He retired from the post of Shogun on April 23 .
On the same day , he was assigned to the post of Chief of the General Staff and the Chief of the Imperial Guard .
In the Battle of Toba-Fushimi , he was in charge of the defense .
1866
In the end , he resigned from the post of Chief of the Imperial Guard .
On August 21 , he succeeded to the position of head of the family .
He was promoted to Shonii ( Senior Second Rank ) Gon Dainagon ( a provisional chief councilor of state ) in December of the same year .
On the same day , he was appointed as Seii Taishogun ( literally , " great general who subdues the barbarians " ) .
1867
He was appointed to Naidaijin ( Minister of the Center ) in October .
He retained his position as Ukone no daisho .
Taisei Hokan ( the Restoration of Imperial Rule ) .
He resigned from the post of Seii Taishogun .
On May 4 , 1868 , he was dismissed from his post .
On September 30 , 1869 , he was ordered to return to his house .
He was promoted to Jushiinoge ( Junior Fourth Rank , Lower Grade ) in March of the same year .
On May 4 , 1872 , he was promoted to Shonii ( Senior Second Rank ) .
He was promoted to Juichii ( Junior First Rank ) on July 7 , 1900 .
On October 1 , 1897 , he moved to Tokyo .
On March 3 , 1869 , he was given the title of Imperial Prince by the Meiji Emperor .
On May 3 , 1884 , he was given the title of baron .
He was a member of the House of Peers ( Japan ) , and he was given the title of ' <unk> ' by the Emperor .
<unk> ( court noble ) ( December )
1908
He was given the title of Grand Cordon of the Order of the Rising Sun with Paulownia Flower .
On December 28 , he retired .
He died on April 10 ( at the age of 26 ) .
On the same day , he was given the title of Grand Cordon of the Order of the Rising Sun .
He was a member of the House of Peers , and he was good at martial arts , and he was good at the art of self-defense and the art of self-defense .
On the other hand , it is said that he had a good reputation as a member of the Shinsengumi ( a group who guarded Kyoto during the end of Tokugawa Shogunate ) as well as a member of the Shinsengumi ( a group who guarded Kyoto during the end of Tokugawa Shogunate ) .
He was a member of the House of Peers ( Japan ) ; however , when he was young , he was forced to change his name to " <unk> " ( literally , " great general who subdues the barbarians " ) and " <unk> " ( literally , " great general who subdues the barbarians " ) to " <unk> " ( literally , " great general who subdues the barbarians " ) to " <unk> " ( literally , " great general who subdues the barbarians " ) .
It is also referred to as ' <unk> ' ( literally , " tale of a man " ) and ' <unk> ' ( literally , " tale of a man " ) , and it is said that this was caused by the fact that he was a member of the House of Peers at that time .
On the other hand , it is said that he was very young when he was young , but in fact , he was not able to do so because of the fact that he was a member of the House of Peers .
It is said that when he was a child , he went to the front as a result of his illness .
His name was also written as " <unk> " ( <unk> ) and " <unk> " ( <unk> ) as well as " <unk> " ( <unk> ) as well as " <unk> " ( <unk> ) as well as " <unk> " ( <unk> ) as well as " <unk> " ( <unk> ) as well as " <unk> " ( <unk> ) .
He was a member of the Shinsengumi ( a group who guarded Kyoto during the end of Tokugawa Shogunate ) , but he was not able to do so because of the fact that he was a close retainer of the Choshu clan .
It is said that this was the reason for the defeat of the Tokugawa family .
Ryoma SAKAMOTO , who was a member of the Shinsengumi ( a group who guarded Kyoto during the end of Tokugawa Shogunate ) , said , ' This is the end of the world . '
For example , it is said that the amount of money should be reduced if it is too much to do so .
He was given the title of ' <unk> ' ( literally , " great general who subdues the barbarians " ) and ' <unk> ' ( literally , " great general who subdues the barbarians " ) by the new government .
Ryoma SAKAMOTO , who was a member of the Shinsengumi ( a group who guarded Kyoto during the end of the Tokugawa Shogunate ) , also died before the Meiji Restoration .
Ryoma SAKAMOTO , who was the only person who lived in the world after the Meiji Restoration , was not well known .
He was defeated in the Battle of Toba-Fushimi , and his name was changed from ' <unk> ' to ' <unk> ' .
On the other hand , there is a story that when he was young , he was given the title of <unk> ( literally , " great general who subdues the barbarians " ) by the order of the shogun , but he was not able to get along with his wife .
On the other hand , it is said that he was a member of the Council of Five Elders in the Kanto region , and that he was forced to leave the castle after the fall of the Edo bakufu ( Japanese feudal government headed by a shogun ) ; however , he was not able to get along with his wife and children .
He was a member of the House of Peers ( Japan ) , but he was not able to get along with his father , who was a close adviser of the Emperor , and was also a member of the House of Peers ( Japan ) , and he was called ' <unk> ' ( literally , " great general who subdues the barbarians " ) or ' <unk> ' ( literally , " great general who subdues the barbarians " ) .
It is said that the Edo bakufu ( Japanese feudal government headed by a shogun ) decided to change its name from " <unk> " to " <unk> " ( literally , " great general who subdues the barbarians " ) and " <unk> " ( literally , " great general who subdues the barbarians " ) to " <unk> " ( literally , " great general who subdues the barbarians " ) .
He was a member of the House of Peers after the Meiji Restoration , and he was also a member of the House of Peers .
In his later years , he made his mind to write ' <unk> ' ( <unk> ) and ' <unk> ' ( <unk> ) .
He wrote " <unk> " and " <unk> . "
On the other hand , there is a description that when he was young , he was promoted to the rank of Juichii ( Junior First Rank ) .
On the other hand , there is a description that when he was young , he was given the title of ' <unk> ' ( literally , " great general who subdues the barbarians " ) and ' <unk> ' ( literally , " great general who subdues the barbarians " ) , and when he was young , he was able to do so .
Yoshinobu TOKUGAWA , who was the head of the family , wrote " <unk> " and " <unk> . "
He was a member of the House of Peers and was given the title of ' <unk> ' ( literally , " great general who subdues the barbarians " ) and ' <unk> ' ( literally , " great general who subdues the barbarians " ) by the order of Emperor Meiji .
His grave is located in the precincts of the temple , and it is said that he was a member of the Tokugawa Shogunate family and his wife was a daughter of Ieyasu TOKUGAWA .
This is the reason why the Emperor was forced to change his name from " <unk> " to " <unk> " and " <unk> . "
He was a member of th